SingleSingle

Index Index0 
0
2024-01-19 16:30:36 - INFO :       
********************************************************************************************************************************************************************************************************

2024-01-19 16:30:36 - INFO :       
********************************************************************************************************************************************************************************************************

2024-01-19 16:30:36 - INFO :       DATASET: commonsense_qa
2024-01-19 16:30:36 - INFO :       DATASET: commonsense_qa
2024-01-19 16:30:36 - INFO :       Use taylor pruner...
******************************
Loading Dataset
******************************
Generating Samples
******************************
Prepare Validation Dataset
2024-01-19 16:30:44 - INFO :       Start Backwarding in iterative steps = 0...
Parent ID | rank: 1 | PID: 895788|
Loading checkpoint shards:   0%|          | 0/3 [00:00<?, ?it/s]Loading checkpoint shards:   0%|          | 0/3 [00:00<?, ?it/s][2024-01-19 16:30:55,018] torch.distributed.elastic.agent.server.api: [WARNING] Received Signals.SIGINT death signal, shutting down workers
[2024-01-19 16:30:55,018] torch.distributed.elastic.multiprocessing.api: [WARNING] Sending process 895787 closing signal SIGINT
[2024-01-19 16:30:55,018] torch.distributed.elastic.multiprocessing.api: [WARNING] Sending process 895788 closing signal SIGINT
[2024-01-19 16:30:55,520] torch.distributed.elastic.multiprocessing.api: [WARNING] Sending process 895787 closing signal SIGTERM
[2024-01-19 16:30:55,520] torch.distributed.elastic.multiprocessing.api: [WARNING] Sending process 895788 closing signal SIGTERM
Traceback (most recent call last):
  File "/home/bhandk/miniconda3/envs/MLNeuron/lib/python3.9/site-packages/torch/distributed/elastic/agent/server/api.py", line 736, in run
    result = self._invoke_run(role)
  File "/home/bhandk/miniconda3/envs/MLNeuron/lib/python3.9/site-packages/torch/distributed/elastic/agent/server/api.py", line 877, in _invoke_run
    time.sleep(monitor_interval)
  File "/home/bhandk/miniconda3/envs/MLNeuron/lib/python3.9/site-packages/torch/distributed/elastic/multiprocessing/api.py", line 62, in _terminate_process_handler
    raise SignalException(f"Process {os.getpid()} got signal: {sigval}", sigval=sigval)
torch.distributed.elastic.multiprocessing.api.SignalException: Process 895725 got signal: 2

During handling of the above exception, another exception occurred:

Traceback (most recent call last):
  File "/home/bhandk/miniconda3/envs/MLNeuron/lib/python3.9/site-packages/torch/distributed/elastic/agent/server/api.py", line 743, in run
    self._shutdown(e.sigval)
  File "/home/bhandk/miniconda3/envs/MLNeuron/lib/python3.9/site-packages/torch/distributed/elastic/agent/server/local_elastic_agent.py", line 289, in _shutdown
    self._pcontext.close(death_sig)
  File "/home/bhandk/miniconda3/envs/MLNeuron/lib/python3.9/site-packages/torch/distributed/elastic/multiprocessing/api.py", line 331, in close
    self._close(death_sig=death_sig, timeout=timeout)
  File "/home/bhandk/miniconda3/envs/MLNeuron/lib/python3.9/site-packages/torch/distributed/elastic/multiprocessing/api.py", line 713, in _close
    handler.proc.wait(time_to_wait)
  File "/home/bhandk/miniconda3/envs/MLNeuron/lib/python3.9/subprocess.py", line 1185, in wait
    return self._wait(timeout=timeout)
  File "/home/bhandk/miniconda3/envs/MLNeuron/lib/python3.9/subprocess.py", line 1909, in _wait
    time.sleep(delay)
  File "/home/bhandk/miniconda3/envs/MLNeuron/lib/python3.9/site-packages/torch/distributed/elastic/multiprocessing/api.py", line 62, in _terminate_process_handler
    raise SignalException(f"Process {os.getpid()} got signal: {sigval}", sigval=sigval)
torch.distributed.elastic.multiprocessing.api.SignalException: Process 895725 got signal: 2

During handling of the above exception, another exception occurred:

Traceback (most recent call last):
  File "/home/bhandk/miniconda3/envs/MLNeuron/bin/torchrun", line 8, in <module>
    sys.exit(main())
  File "/home/bhandk/miniconda3/envs/MLNeuron/lib/python3.9/site-packages/torch/distributed/elastic/multiprocessing/errors/__init__.py", line 346, in wrapper
    return f(*args, **kwargs)
  File "/home/bhandk/miniconda3/envs/MLNeuron/lib/python3.9/site-packages/torch/distributed/run.py", line 806, in main
    run(args)
  File "/home/bhandk/miniconda3/envs/MLNeuron/lib/python3.9/site-packages/torch/distributed/run.py", line 797, in run
    elastic_launch(
  File "/home/bhandk/miniconda3/envs/MLNeuron/lib/python3.9/site-packages/torch/distributed/launcher/api.py", line 134, in __call__
    return launch_agent(self._config, self._entrypoint, list(args))
  File "/home/bhandk/miniconda3/envs/MLNeuron/lib/python3.9/site-packages/torch/distributed/launcher/api.py", line 255, in launch_agent
    result = agent.run()
  File "/home/bhandk/miniconda3/envs/MLNeuron/lib/python3.9/site-packages/torch/distributed/elastic/metrics/api.py", line 124, in wrapper
    result = f(*args, **kwargs)
  File "/home/bhandk/miniconda3/envs/MLNeuron/lib/python3.9/site-packages/torch/distributed/elastic/agent/server/api.py", line 748, in run
    self._shutdown()
  File "/home/bhandk/miniconda3/envs/MLNeuron/lib/python3.9/site-packages/torch/distributed/elastic/agent/server/local_elastic_agent.py", line 289, in _shutdown
    self._pcontext.close(death_sig)
  File "/home/bhandk/miniconda3/envs/MLNeuron/lib/python3.9/site-packages/torch/distributed/elastic/multiprocessing/api.py", line 331, in close
    self._close(death_sig=death_sig, timeout=timeout)
  File "/home/bhandk/miniconda3/envs/MLNeuron/lib/python3.9/site-packages/torch/distributed/elastic/multiprocessing/api.py", line 713, in _close
    handler.proc.wait(time_to_wait)
  File "/home/bhandk/miniconda3/envs/MLNeuron/lib/python3.9/subprocess.py", line 1185, in wait
    return self._wait(timeout=timeout)
  File "/home/bhandk/miniconda3/envs/MLNeuron/lib/python3.9/subprocess.py", line 1909, in _wait
    time.sleep(delay)
  File "/home/bhandk/miniconda3/envs/MLNeuron/lib/python3.9/site-packages/torch/distributed/elastic/multiprocessing/api.py", line 62, in _terminate_process_handler
    raise SignalException(f"Process {os.getpid()} got signal: {sigval}", sigval=sigval)
torch.distributed.elastic.multiprocessing.api.SignalException: Process 895725 got signal: 2
